srun: Job step aborted: Waiting up to 32 seconds for job step to finish.
srun: got SIGCONT
slurmstepd-west8: error: *** STEP 174080.0 ON west8 CANCELLED AT 2024-01-23T21:11:14 ***
slurmstepd-west8: error: *** JOB 174080 ON west8 CANCELLED AT 2024-01-23T21:11:14 ***
[mpiexec@west8] HYDU_sock_write (utils/sock/sock.c:254): write error (Bad file descriptor)
[mpiexec@west8] HYD_pmcd_pmiserv_send_signal (pm/pmiserv/pmiserv_cb.c:176): unable to write data to proxy
[mpiexec@west8] ui_cmd_cb (pm/pmiserv/pmiserv_pmci.c:42): unable to send signal downstream
[mpiexec@west8] HYDT_dmxu_poll_wait_for_event (tools/demux/demux_poll.c:76): callback returned error status
[mpiexec@west8] HYDT_bscu_wait_for_completion (tools/bootstrap/utils/bscu_wait.c:59): error waiting for event
[mpiexec@west8] HYDT_bsci_wait_for_completion (tools/bootstrap/src/bsci_wait.c:21): launcher returned error waiting for completion
[mpiexec@west8] HYD_pmci_wait_for_completion (pm/pmiserv/pmiserv_pmci.c:179): launcher returned error waiting for completion
[mpiexec@west8] main (ui/mpich/mpiexec.c:325): process manager error waiting for completion
srun: Job step aborted: Waiting up to 32 seconds for job step to finish.
slurmstepd-west7: error: *** STEP 174073.0 ON west7 CANCELLED AT 2024-01-23T22:06:04 DUE TO TIME LIMIT ***
slurmstepd-west7: error: *** JOB 174073 ON west7 CANCELLED AT 2024-01-23T22:06:04 DUE TO TIME LIMIT ***
srun: got SIGCONT
[mpiexec@west7] HYDU_sock_write (utils/sock/sock.c:254): write error (Bad file descriptor)
[mpiexec@west7] HYD_pmcd_pmiserv_send_signal (pm/pmiserv/pmiserv_cb.c:176): unable to write data to proxy
[mpiexec@west7] ui_cmd_cb (pm/pmiserv/pmiserv_pmci.c:42): unable to send signal downstream
[mpiexec@west7] HYDT_dmxu_poll_wait_for_event (tools/demux/demux_poll.c:76): callback returned error status
[mpiexec@west7] HYDT_bscu_wait_for_completion (tools/bootstrap/utils/bscu_wait.c:59): error waiting for event
[mpiexec@west7] HYDT_bsci_wait_for_completion (tools/bootstrap/src/bsci_wait.c:21): launcher returned error waiting for completion
[mpiexec@west7] HYD_pmci_wait_for_completion (pm/pmiserv/pmiserv_pmci.c:179): launcher returned error waiting for completion
[mpiexec@west7] main (ui/mpich/mpiexec.c:325): process manager error waiting for completion
