srun: Job step aborted: Waiting up to 32 seconds for job step to finish.
slurmstepd-west1: error: *** STEP 174070.0 ON west1 CANCELLED AT 2024-01-23T22:11:34 DUE TO TIME LIMIT ***
slurmstepd-west1: error: *** JOB 174070 ON west1 CANCELLED AT 2024-01-23T22:11:34 DUE TO TIME LIMIT ***
[proxy:0:0@west1] HYD_pmcd_pmip_control_cmd_cb (pm/pmiserv/pmip_cb.c:899): assert (!closed) failed
[proxy:0:0@west1] HYDT_dmxu_poll_wait_for_event (tools/demux/demux_poll.c:76): callback returned error status
[proxy:0:0@west1] main (pm/pmiserv/pmip.c:169): demux engine error waiting for event
srun: got SIGCONT
srun: error: west1: task 0: Exited with exit code 7
[mpiexec@west1] HYDT_bscu_wait_for_completion (tools/bootstrap/utils/bscu_wait.c:73): one of the processes terminated badly; aborting
[mpiexec@west1] HYDT_bsci_wait_for_completion (tools/bootstrap/src/bsci_wait.c:21): launcher returned error waiting for completion
[mpiexec@west1] HYD_pmci_wait_for_completion (pm/pmiserv/pmiserv_pmci.c:179): launcher returned error waiting for completion
[mpiexec@west1] main (ui/mpich/mpiexec.c:325): process manager error waiting for completion
srun: error: Slurm job 174070 has expired
srun: Check SLURM_JOB_ID environment variable. Expired or invalid job 174070
srun: Job step aborted: Waiting up to 32 seconds for job step to finish.
slurmstepd-west5: error: *** JOB 174077 ON west5 CANCELLED AT 2024-01-23T22:15:34 DUE TO TIME LIMIT ***
slurmstepd-west5: error: *** STEP 174077.0 ON west5 CANCELLED AT 2024-01-23T22:15:34 DUE TO TIME LIMIT ***
[proxy:0:0@west5] HYDU_sock_write (utils/sock/sock.c:254): write error (Broken pipe)
[proxy:0:0@west5] main (pm/pmiserv/pmip.c:248): unable to return exit status upstream
srun: got SIGCONT
[mpiexec@west5] HYDU_sock_write (utils/sock/sock.c:254): write error (Bad file descriptor)
[mpiexec@west5] HYD_pmcd_pmiserv_send_signal (pm/pmiserv/pmiserv_cb.c:176): unable to write data to proxy
[mpiexec@west5] ui_cmd_cb (pm/pmiserv/pmiserv_pmci.c:42): unable to send signal downstream
[mpiexec@west5] HYDT_dmxu_poll_wait_for_event (tools/demux/demux_poll.c:76): callback returned error status
[mpiexec@west5] HYDT_bscu_wait_for_completion (tools/bootstrap/utils/bscu_wait.c:59): error waiting for event
[mpiexec@west5] HYDT_bsci_wait_for_completion (tools/bootstrap/src/bsci_wait.c:21): launcher returned error waiting for completion
[mpiexec@west5] HYD_pmci_wait_for_completion (pm/pmiserv/pmiserv_pmci.c:179): launcher returned error waiting for completion
[mpiexec@west5] main (ui/mpich/mpiexec.c:325): process manager error waiting for completion
