============================================================
Program for calculation of partial differential equations.  
============================================================
(c) Dr. Thomas Ludwig, TU München.
    Thomas A. Zochler, TU München.
    Andreas C. Schmidt, TU München.
============================================================

============================================================
Program for calculation of partial differential equations.  
============================================================
(c) Dr. Thomas Ludwig, TU München.
    Thomas A. Zochler, TU München.
    Andreas C. Schmidt, TU München.
============================================================

Berechnungszeit:    0.123916 s 
Speicherbedarf:     2.070930 MiB
Berechnungsmethode: Gauß-Seidel
Interlines:         64
Stoerfunktion:      f(x,y) = 2pi^2*sin(pi*x)sin(pi*y)
Terminierung:       Anzahl der Iterationen
Anzahl Iterationen: 20
Norm des Fehlers:   3.647338e-05

Matrix:
 0.0000 0.0000 0.0000 0.0000 0.0000 0.0000 0.0000 0.0000 0.0000
 0.0000 0.0001 0.0002 0.0003 0.0003 0.0003 0.0002 0.0001 0.0000
 0.0000 0.0002 0.0004 0.0005 0.0005 0.0005 0.0004 0.0002 0.0000
 0.0000 0.0003 0.0005 0.0006 0.0007 0.0006 0.0005 0.0003 0.0000
 0.0000 0.0003 0.0005 0.0007 0.0007 0.0007 0.0005 0.0003 0.0000
 0.0000 0.0003 0.0005 0.0006 0.0007 0.0006 0.0005 0.0003 0.0000
 0.0000 0.0002 0.0004 0.0005 0.0005 0.0005 0.0004 0.0002 0.0000
 0.0000 0.0001 0.0002 0.0003 0.0003 0.0003 0.0002 0.0001 0.0000
 0.0000 0.0000 0.0000 0.0000 0.0000 0.0000 0.0000 0.0000 0.0000
rank[0]:	 frequency = 2666864211 Hz
rank[1]:	 frequency = 2666882486 Hz
rank[2]:	 frequency = 2666831412 Hz (outlier)
[Score-P] src/services/timer/SCOREP_Timer.c:390: Warning: Calculated timer (tsc) frequencies differ from average frequency (2666859369 Hz) by more than 26668 Hz. Consider using a timer with a fixed frequency like gettimeofday or clock_gettime. Prolonging the measurement duration might mitigate the frequency variations.
Berechnungszeit:    0.123255 s 
Speicherbedarf:     2.070930 MiB
Berechnungsmethode: Gauß-Seidel
Interlines:         64
Stoerfunktion:      f(x,y) = 2pi^2*sin(pi*x)sin(pi*y)
Terminierung:       Anzahl der Iterationen
Anzahl Iterationen: 20
Norm des Fehlers:   3.647338e-05

Matrix:
 0.0000 0.0000 0.0000 0.0000 0.0000 0.0000 0.0000 0.0000 0.0000
 0.0000 0.0001 0.0002 0.0003 0.0003 0.0003 0.0002 0.0001 0.0000
 0.0000 0.0002 0.0004 0.0005 0.0005 0.0005 0.0004 0.0002 0.0000
 0.0000 0.0003 0.0005 0.0006 0.0007 0.0006 0.0005 0.0003 0.0000
 0.0000 0.0003 0.0005 0.0007 0.0007 0.0007 0.0005 0.0003 0.0000
 0.0000 0.0003 0.0005 0.0006 0.0007 0.0006 0.0005 0.0003 0.0000
 0.0000 0.0002 0.0004 0.0005 0.0005 0.0005 0.0004 0.0002 0.0000
 0.0000 0.0001 0.0002 0.0003 0.0003 0.0003 0.0002 0.0001 0.0000
 0.0000 0.0000 0.0000 0.0000 0.0000 0.0000 0.0000 0.0000 0.0000
[Score-P] src/measurement/tracing/SCOREP_Tracing.c:529: Fatal: Could not finalize OTF2 definition writer: The structural integrity is not given
[Score-P] Please report this to support@score-p.org. Thank you.
[Score-P] Try also to preserve any generated core dumps.
[Score-P] src/measurement/tracing/SCOREP_Tracing.c:529: Fatal: Could not finalize OTF2 definition writer: The structural integrity is not given
[Score-P] Please report this to support@score-p.org. Thank you.
[Score-P] Try also to preserve any generated core dumps.

===================================================================================
=   BAD TERMINATION OF ONE OF YOUR APPLICATION PROCESSES
=   PID 347827 RUNNING AT west1
=   EXIT CODE: 6
=   CLEANING UP REMAINING PROCESSES
=   YOU CAN IGNORE THE BELOW CLEANUP MESSAGES
===================================================================================
[proxy:0:1@west2] HYD_pmcd_pmip_control_cmd_cb (pm/pmiserv/pmip_cb.c:899): assert (!closed) failed
[proxy:0:1@west2] HYDT_dmxu_poll_wait_for_event (tools/demux/demux_poll.c:76): callback returned error status
[proxy:0:1@west2] main (pm/pmiserv/pmip.c:169): demux engine error waiting for event
srun: error: west2: task 1: Exited with exit code 7
[mpiexec@west2] HYDT_bscu_wait_for_completion (tools/bootstrap/utils/bscu_wait.c:73): one of the processes terminated badly; aborting
[mpiexec@west2] HYDT_bsci_wait_for_completion (tools/bootstrap/src/bsci_wait.c:21): launcher returned error waiting for completion
[mpiexec@west2] HYD_pmci_wait_for_completion (pm/pmiserv/pmiserv_pmci.c:179): launcher returned error waiting for completion
[mpiexec@west2] main (ui/mpich/mpiexec.c:325): process manager error waiting for completion
srun: error: west2: task 1: Exited with exit code 255
