[Score-P] src/measurement/scorep_runtime_management.c:333: Error: File does already exist: POSIX: Can't create experiment directory "/home/sharaf/HLR2023/Blatt11/tracing/scorep-measurement-tmp".
============================================================
Program for calculation of partial differential equations.  
============================================================
(c) Dr. Thomas Ludwig, TU München.
    Thomas A. Zochler, TU München.
    Andreas C. Schmidt, TU München.
============================================================

[Score-P] src/measurement/scorep_runtime_management.c:286: Error: File or directory does not exist: POSIX: Can't rename experiment directory "/home/sharaf/HLR2023/Blatt11/tracing/scorep-measurement-tmp" to "/home/sharaf/HLR2023/Blatt11/tracing/scorep-failed-20240124_1224_33901698395037460".
============================================================
Program for calculation of partial differential equations.  
============================================================
(c) Dr. Thomas Ludwig, TU München.
    Thomas A. Zochler, TU München.
    Andreas C. Schmidt, TU München.
============================================================

Berechnungszeit:    0.090030 s 
Speicherbedarf:     2.070930 MiB
Berechnungsmethode: Gauß-Seidel
Interlines:         64
Stoerfunktion:      f(x,y) = 2pi^2*sin(pi*x)sin(pi*y)
Terminierung:       Anzahl der Iterationen
Anzahl Iterationen: 20
Norm des Fehlers:   3.647338e-05

Matrix:
 0.0000 0.0000 0.0000 0.0000 0.0000 0.0000 0.0000 0.0000 0.0000
 0.0000 0.0001 0.0002 0.0003 0.0003 0.0003 0.0002 0.0001 0.0000
 0.0000 0.0002 0.0004 0.0005 0.0005 0.0005 0.0004 0.0002 0.0000
 0.0000 0.0003 0.0005 0.0006 0.0007 0.0006 0.0005 0.0003 0.0000
 0.0000 0.0003 0.0005 0.0007 0.0007 0.0007 0.0005 0.0003 0.0000
 0.0000 0.0003 0.0005 0.0006 0.0007 0.0006 0.0005 0.0003 0.0000
 0.0000 0.0002 0.0004 0.0005 0.0005 0.0005 0.0004 0.0002 0.0000
 0.0000 0.0001 0.0002 0.0003 0.0003 0.0003 0.0002 0.0001 0.0000
 0.0000 0.0000 0.0000 0.0000 0.0000 0.0000 0.0000 0.0000 0.0000
Berechnungszeit:    0.092351 s 
Speicherbedarf:     2.070930 MiB
Berechnungsmethode: Gauß-Seidel
Interlines:         64
Stoerfunktion:      f(x,y) = 2pi^2*sin(pi*x)sin(pi*y)
Terminierung:       Anzahl der Iterationen
Anzahl Iterationen: 20
Norm des Fehlers:   3.647338e-05

Matrix:
 0.0000 0.0000 0.0000 0.0000 0.0000 0.0000 0.0000 0.0000 0.0000
 0.0000 0.0001 0.0002 0.0003 0.0003 0.0003 0.0002 0.0001 0.0000
 0.0000 0.0002 0.0004 0.0005 0.0005 0.0005 0.0004 0.0002 0.0000
 0.0000 0.0003 0.0005 0.0006 0.0007 0.0006 0.0005 0.0003 0.0000
 0.0000 0.0003 0.0005 0.0007 0.0007 0.0007 0.0005 0.0003 0.0000
 0.0000 0.0003 0.0005 0.0006 0.0007 0.0006 0.0005 0.0003 0.0000
 0.0000 0.0002 0.0004 0.0005 0.0005 0.0005 0.0004 0.0002 0.0000
 0.0000 0.0001 0.0002 0.0003 0.0003 0.0003 0.0002 0.0001 0.0000
 0.0000 0.0000 0.0000 0.0000 0.0000 0.0000 0.0000 0.0000 0.0000
============================================================
Program for calculation of partial differential equations.  
============================================================
(c) Dr. Thomas Ludwig, TU München.
    Thomas A. Zochler, TU München.
    Andreas C. Schmidt, TU München.
============================================================

Berechnungszeit:    0.083851 s 
Speicherbedarf:     2.070930 MiB
Berechnungsmethode: Gauß-Seidel
Interlines:         64
Stoerfunktion:      f(x,y) = 2pi^2*sin(pi*x)sin(pi*y)
Terminierung:       Anzahl der Iterationen
Anzahl Iterationen: 20
Norm des Fehlers:   3.647338e-05

Matrix:
 0.0000 0.0000 0.0000 0.0000 0.0000 0.0000 0.0000 0.0000 0.0000
 0.0000 0.0001 0.0002 0.0003 0.0003 0.0003 0.0002 0.0001 0.0000
 0.0000 0.0002 0.0004 0.0005 0.0005 0.0005 0.0004 0.0002 0.0000
 0.0000 0.0003 0.0005 0.0006 0.0007 0.0006 0.0005 0.0003 0.0000
 0.0000 0.0003 0.0005 0.0007 0.0007 0.0007 0.0005 0.0003 0.0000
 0.0000 0.0003 0.0005 0.0006 0.0007 0.0006 0.0005 0.0003 0.0000
 0.0000 0.0002 0.0004 0.0005 0.0005 0.0005 0.0004 0.0002 0.0000
 0.0000 0.0001 0.0002 0.0003 0.0003 0.0003 0.0002 0.0001 0.0000
 0.0000 0.0000 0.0000 0.0000 0.0000 0.0000 0.0000 0.0000 0.0000
rank[0]:	 frequency = 2666826482 Hz
rank[1]:	 frequency = 2666810271 Hz
rank[2]:	 frequency = 2666914884 Hz (outlier)
rank[3]:	 frequency = 2666811766 Hz
rank[4]:	 frequency = 2666816254 Hz
[Score-P] src/services/timer/SCOREP_Timer.c:390: Warning: Calculated timer (tsc) frequencies differ from average frequency (2666835931 Hz) by more than 26668 Hz. Consider using a timer with a fixed frequency like gettimeofday or clock_gettime. Prolonging the measurement duration might mitigate the frequency variations.
[Score-P] src/measurement/scorep_runtime_management.c:376: Error: File or directory does not exist: POSIX: Can't rename experiment directory from "/home/sharaf/HLR2023/Blatt11/tracing/scorep-measurement-tmp" to "/home/sharaf/HLR2023/Blatt11/tracing/scorep-20240124_1224_33901699628545020".
srun: error: west6: task 2: Exited with exit code 1
