============================================================
Program for calculation of partial differential equations.  
============================================================
(c) Dr. Thomas Ludwig, TU München.
    Thomas A. Zochler, TU München.
    Andreas C. Schmidt, TU München.
============================================================

[Score-P] src/measurement/tracing/SCOREP_Tracing.c:388: Fatal: Assertion 'err == SCOREP_SUCCESS' failed
[Score-P] Please report this to support@score-p.org. Thank you.
[Score-P] Try also to preserve any generated core dumps.
[Score-P] src/measurement/tracing/SCOREP_Tracing.c:388: Fatal: Assertion 'err == SCOREP_SUCCESS' failed
[Score-P] Please report this to support@score-p.org. Thank you.
[Score-P] Try also to preserve any generated core dumps.
============================================================
Program for calculation of partial differential equations.  
============================================================
(c) Dr. Thomas Ludwig, TU München.
    Thomas A. Zochler, TU München.
    Andreas C. Schmidt, TU München.
============================================================

Berechnungszeit:    0.070953 s 
Speicherbedarf:     4.141861 MiB
Berechnungsmethode: Jacobi
Interlines:         64
Stoerfunktion:      f(x,y) = 2pi^2*sin(pi*x)sin(pi*y)
Terminierung:       Anzahl der Iterationen
Anzahl Iterationen: 20
Norm des Fehlers:   1.824368e-05

Matrix:
 0.0000 0.0000 0.0000 0.0000 0.0000 0.0000 0.0000 0.0000 0.0000
 0.0000 0.0001 0.0001 0.0001 0.0001 0.0001 0.0001 0.0001 0.0000
 0.0000 0.0001 0.0002 0.0002 0.0003 0.0002 0.0002 0.0001 0.0000
 0.0000 0.0001 0.0002 0.0003 0.0003 0.0003 0.0002 0.0001 0.0000
 0.0000 0.0001 0.0003 0.0003 0.0004 0.0003 0.0003 0.0001 0.0000
 0.0000 0.0001 0.0002 0.0003 0.0003 0.0003 0.0002 0.0001 0.0000
 0.0000 0.0001 0.0002 0.0002 0.0003 0.0002 0.0002 0.0001 0.0000
 0.0000 0.0001 0.0001 0.0001 0.0001 0.0001 0.0001 0.0001 0.0000
 0.0000 0.0000 0.0000 0.0000 0.0000 0.0000 0.0000 0.0000 0.0000
rank[0]:	 frequency = 2666880645 Hz (outlier)
rank[1]:	 frequency = 2667051038 Hz (outlier)
rank[2]:	 frequency = 2666828234 Hz (outlier)
[Score-P] src/services/timer/SCOREP_Timer.c:390: Warning: Calculated timer (tsc) frequencies differ from average frequency (2666919972 Hz) by more than 26669 Hz. Consider using a timer with a fixed frequency like gettimeofday or clock_gettime. Prolonging the measurement duration might mitigate the frequency variations.
Berechnungszeit:    0.118406 s 
Speicherbedarf:     4.141861 MiB
Berechnungsmethode: Jacobi
Interlines:         64
Stoerfunktion:      f(x,y) = 2pi^2*sin(pi*x)sin(pi*y)
Terminierung:       Anzahl der Iterationen
Anzahl Iterationen: 20
Norm des Fehlers:   1.824368e-05

Matrix:
 0.0000 0.0000 0.0000 0.0000 0.0000 0.0000 0.0000 0.0000 0.0000
 0.0000 0.0001 0.0001 0.0001 0.0001 0.0001 0.0001 0.0001 0.0000
 0.0000 0.0001 0.0002 0.0002 0.0003 0.0002 0.0002 0.0001 0.0000
 0.0000 0.0001 0.0002 0.0003 0.0003 0.0003 0.0002 0.0001 0.0000
 0.0000 0.0001 0.0003 0.0003 0.0004 0.0003 0.0003 0.0001 0.0000
 0.0000 0.0001 0.0002 0.0003 0.0003 0.0003 0.0002 0.0001 0.0000
 0.0000 0.0001 0.0002 0.0002 0.0003 0.0002 0.0002 0.0001 0.0000
 0.0000 0.0001 0.0001 0.0001 0.0001 0.0001 0.0001 0.0001 0.0000
 0.0000 0.0000 0.0000 0.0000 0.0000 0.0000 0.0000 0.0000 0.0000
rank[0]:	 frequency = 2666972464 Hz (outlier)
rank[1]:	 frequency = 2666812041 Hz (outlier)
rank[2]:	 frequency = 2666817177 Hz (outlier)
[Score-P] src/services/timer/SCOREP_Timer.c:390: Warning: Calculated timer (tsc) frequencies differ from average frequency (2666867227 Hz) by more than 26668 Hz. Consider using a timer with a fixed frequency like gettimeofday or clock_gettime. Prolonging the measurement duration might mitigate the frequency variations.

===================================================================================
=   BAD TERMINATION OF ONE OF YOUR APPLICATION PROCESSES
=   PID 32234 RUNNING AT west9
=   EXIT CODE: 134
=   CLEANING UP REMAINING PROCESSES
=   YOU CAN IGNORE THE BELOW CLEANUP MESSAGES
===================================================================================
[proxy:0:1@west10] HYD_pmcd_pmip_control_cmd_cb (pm/pmiserv/pmip_cb.c:899): assert (!closed) failed
[proxy:0:1@west10] HYDT_dmxu_poll_wait_for_event (tools/demux/demux_poll.c:76): callback returned error status
[proxy:0:1@west10] main (pm/pmiserv/pmip.c:169): demux engine error waiting for event
srun: error: west10: task 1: Exited with exit code 7
[mpiexec@west9] HYDT_bscu_wait_for_completion (tools/bootstrap/utils/bscu_wait.c:73): one of the processes terminated badly; aborting
[mpiexec@west9] HYDT_bsci_wait_for_completion (tools/bootstrap/src/bsci_wait.c:21): launcher returned error waiting for completion
[mpiexec@west9] HYD_pmci_wait_for_completion (pm/pmiserv/pmiserv_pmci.c:179): launcher returned error waiting for completion
[mpiexec@west9] main (ui/mpich/mpiexec.c:325): process manager error waiting for completion
[Score-P] src/measurement/scorep_runtime_management.c:376: Error: File or directory does not exist: POSIX: Can't rename experiment directory from "/home/sharaf/HLR2023/Blatt11/tracing/scorep-measurement-tmp" to "/home/sharaf/HLR2023/Blatt11/tracing/scorep-20240124_1158_1363468906817548".
srun: error: west10: task 2: Exited with exit code 1
srun: error: west9: task 1: Exited with exit code 255
