[Score-P] src/measurement/tracing/SCOREP_Tracing.c:388: Fatal: Assertion 'err == SCOREP_SUCCESS' failed
[Score-P] Please report this to support@score-p.org. Thank you.
[Score-P] Try also to preserve any generated core dumps.
[Score-P] src/measurement/tracing/SCOREP_Tracing.c:388: Fatal: Assertion 'err == SCOREP_SUCCESS' failed
[Score-P] Please report this to support@score-p.org. Thank you.
[Score-P] Try also to preserve any generated core dumps.
============================================================
Program for calculation of partial differential equations.  
============================================================
(c) Dr. Thomas Ludwig, TU München.
    Thomas A. Zochler, TU München.
    Andreas C. Schmidt, TU München.
============================================================


===================================================================================
=   BAD TERMINATION OF ONE OF YOUR APPLICATION PROCESSES
=   PID 364858 RUNNING AT west1
=   EXIT CODE: 6
=   CLEANING UP REMAINING PROCESSES
=   YOU CAN IGNORE THE BELOW CLEANUP MESSAGES
===================================================================================
[proxy:0:3@west4] HYD_pmcd_pmip_control_cmd_cb (pm/pmiserv/pmip_cb.c:899): assert (!closed) failed
[proxy:0:3@west4] HYDT_dmxu_poll_wait_for_event (tools/demux/demux_poll.c:76): callback returned error status
[proxy:0:3@west4] main (pm/pmiserv/pmip.c:169): demux engine error waiting for event
[proxy:0:1@west2] HYD_pmcd_pmip_control_cmd_cb (pm/pmiserv/pmip_cb.c:899): assert (!closed) failed
[proxy:0:1@west2] HYDT_dmxu_poll_wait_for_event (tools/demux/demux_poll.c:76): callback returned error status
[proxy:0:1@west2] main (pm/pmiserv/pmip.c:169): demux engine error waiting for event
[proxy:0:2@west3] HYD_pmcd_pmip_control_cmd_cb (pm/pmiserv/pmip_cb.c:899): assert (!closed) failed
[proxy:0:2@west3] HYDT_dmxu_poll_wait_for_event (tools/demux/demux_poll.c:76): callback returned error status
[proxy:0:2@west3] main (pm/pmiserv/pmip.c:169): demux engine error waiting for event
srun: error: west3: task 2: Exited with exit code 7
srun: error: west4: task 3: Exited with exit code 7
srun: error: west2: task 1: Exited with exit code 7
YOUR APPLICATION TERMINATED WITH THE EXIT STRING: Aborted (signal 6)
This typically refers to a problem with your application.
Please see the FAQ page for debugging suggestions
============================================================
Program for calculation of partial differential equations.  
============================================================
(c) Dr. Thomas Ludwig, TU München.
    Thomas A. Zochler, TU München.
    Andreas C. Schmidt, TU München.
============================================================

Berechnungszeit:    0.065070 s 
Speicherbedarf:     4.141861 MiB
Berechnungsmethode: Jacobi
Interlines:         64
Stoerfunktion:      f(x,y) = 2pi^2*sin(pi*x)sin(pi*y)
Terminierung:       Anzahl der Iterationen
Anzahl Iterationen: 20
Norm des Fehlers:   1.824368e-05

Matrix:
 0.0000 0.0000 0.0000 0.0000 0.0000 0.0000 0.0000 0.0000 0.0000
 0.0000 0.0001 0.0001 0.0001 0.0001 0.0001 0.0001 0.0001 0.0000
 0.0000 0.0001 0.0002 0.0002 0.0003 0.0002 0.0002 0.0001 0.0000
 0.0000 0.0001 0.0002 0.0003 0.0003 0.0003 0.0002 0.0001 0.0000
 0.0000 0.0001 0.0003 0.0003 0.0004 0.0003 0.0003 0.0001 0.0000
 0.0000 0.0001 0.0002 0.0003 0.0003 0.0003 0.0002 0.0001 0.0000
 0.0000 0.0001 0.0002 0.0002 0.0003 0.0002 0.0002 0.0001 0.0000
 0.0000 0.0001 0.0001 0.0001 0.0001 0.0001 0.0001 0.0001 0.0000
 0.0000 0.0000 0.0000 0.0000 0.0000 0.0000 0.0000 0.0000 0.0000
rank[0]:	 frequency = 2666932677 Hz (outlier)
rank[1]:	 frequency = 2666836772 Hz
rank[2]:	 frequency = 2666815410 Hz (outlier)
rank[3]:	 frequency = 2666822424 Hz
rank[4]:	 frequency = 2666830955 Hz
[Score-P] src/services/timer/SCOREP_Timer.c:390: Warning: Calculated timer (tsc) frequencies differ from average frequency (2666847647 Hz) by more than 26668 Hz. Consider using a timer with a fixed frequency like gettimeofday or clock_gettime. Prolonging the measurement duration might mitigate the frequency variations.
[Score-P] src/measurement/tracing/SCOREP_Tracing.c:388: Fatal: Assertion 'err == SCOREP_SUCCESS' failed
[Score-P] Please report this to support@score-p.org. Thank you.
[Score-P] Try also to preserve any generated core dumps.
[Score-P] src/measurement/tracing/SCOREP_Tracing.c:388: Fatal: Assertion 'err == SCOREP_SUCCESS' failed
[Score-P] Please report this to support@score-p.org. Thank you.
[Score-P] Try also to preserve any generated core dumps.
============================================================
Program for calculation of partial differential equations.  
============================================================
(c) Dr. Thomas Ludwig, TU München.
    Thomas A. Zochler, TU München.
    Andreas C. Schmidt, TU München.
============================================================

Berechnungszeit:    0.054546 s 
Speicherbedarf:     4.141861 MiB
Berechnungsmethode: Jacobi
Interlines:         64
Stoerfunktion:      f(x,y) = 2pi^2*sin(pi*x)sin(pi*y)
Terminierung:       Anzahl der Iterationen
Anzahl Iterationen: 20
Norm des Fehlers:   1.824368e-05

Matrix:
 0.0000 0.0000 0.0000 0.0000 0.0000 0.0000 0.0000 0.0000 0.0000
 0.0000 0.0001 0.0001 0.0001 0.0001 0.0001 0.0001 0.0001 0.0000
 0.0000 0.0001 0.0002 0.0002 0.0003 0.0002 0.0002 0.0001 0.0000
 0.0000 0.0001 0.0002 0.0003 0.0003 0.0003 0.0002 0.0001 0.0000
 0.0000 0.0001 0.0003 0.0003 0.0004 0.0003 0.0003 0.0001 0.0000
 0.0000 0.0001 0.0002 0.0003 0.0003 0.0003 0.0002 0.0001 0.0000
 0.0000 0.0001 0.0002 0.0002 0.0003 0.0002 0.0002 0.0001 0.0000
 0.0000 0.0001 0.0001 0.0001 0.0001 0.0001 0.0001 0.0001 0.0000
 0.0000 0.0000 0.0000 0.0000 0.0000 0.0000 0.0000 0.0000 0.0000

===================================================================================
=   BAD TERMINATION OF ONE OF YOUR APPLICATION PROCESSES
=   PID 364885 RUNNING AT west1
=   EXIT CODE: 6
=   CLEANING UP REMAINING PROCESSES
=   YOU CAN IGNORE THE BELOW CLEANUP MESSAGES
===================================================================================
[proxy:0:2@west3] HYD_pmcd_pmip_control_cmd_cb (pm/pmiserv/pmip_cb.c:899): assert (!closed) failed
[proxy:0:2@west3] HYDT_dmxu_poll_wait_for_event (tools/demux/demux_poll.c:76): callback returned error status
[proxy:0:2@west3] main (pm/pmiserv/pmip.c:169): demux engine error waiting for event
[proxy:0:3@west4] HYD_pmcd_pmip_control_cmd_cb (pm/pmiserv/pmip_cb.c:899): assert (!closed) failed
[proxy:0:3@west4] HYDT_dmxu_poll_wait_for_event (tools/demux/demux_poll.c:76): callback returned error status
[proxy:0:3@west4] main (pm/pmiserv/pmip.c:169): demux engine error waiting for event
[proxy:0:1@west2] HYD_pmcd_pmip_control_cmd_cb (pm/pmiserv/pmip_cb.c:899): assert (!closed) failed
[proxy:0:1@west2] HYDT_dmxu_poll_wait_for_event (tools/demux/demux_poll.c:76): callback returned error status
[proxy:0:1@west2] main (pm/pmiserv/pmip.c:169): demux engine error waiting for event
srun: error: west2: task 1: Exited with exit code 7
srun: error: west3: task 2: Exited with exit code 7
srun: error: west4: task 3: Exited with exit code 7
srun: error: west1: task 1: Exited with exit code 6
[mpiexec@west3] HYDT_bscu_wait_for_completion (tools/bootstrap/utils/bscu_wait.c:73): one of the processes terminated badly; aborting
[mpiexec@west3] HYDT_bsci_wait_for_completion (tools/bootstrap/src/bsci_wait.c:21): launcher returned error waiting for completion
[mpiexec@west3] HYD_pmci_wait_for_completion (pm/pmiserv/pmiserv_pmci.c:179): launcher returned error waiting for completion
[mpiexec@west3] main (ui/mpich/mpiexec.c:325): process manager error waiting for completion
srun: error: west3: task 3: Exited with exit code 255
Berechnungszeit:    0.065326 s 
Speicherbedarf:     4.141861 MiB
Berechnungsmethode: Jacobi
Interlines:         64
Stoerfunktion:      f(x,y) = 2pi^2*sin(pi*x)sin(pi*y)
Terminierung:       Anzahl der Iterationen
Anzahl Iterationen: 20
Norm des Fehlers:   1.824368e-05

Matrix:
 0.0000 0.0000 0.0000 0.0000 0.0000 0.0000 0.0000 0.0000 0.0000
 0.0000 0.0001 0.0001 0.0001 0.0001 0.0001 0.0001 0.0001 0.0000
 0.0000 0.0001 0.0002 0.0002 0.0003 0.0002 0.0002 0.0001 0.0000
 0.0000 0.0001 0.0002 0.0003 0.0003 0.0003 0.0002 0.0001 0.0000
 0.0000 0.0001 0.0003 0.0003 0.0004 0.0003 0.0003 0.0001 0.0000
 0.0000 0.0001 0.0002 0.0003 0.0003 0.0003 0.0002 0.0001 0.0000
 0.0000 0.0001 0.0002 0.0002 0.0003 0.0002 0.0002 0.0001 0.0000
 0.0000 0.0001 0.0001 0.0001 0.0001 0.0001 0.0001 0.0001 0.0000
 0.0000 0.0000 0.0000 0.0000 0.0000 0.0000 0.0000 0.0000 0.0000
[Score-P] src/measurement/tracing/SCOREP_Tracing.c:446: Fatal: Could not finalize OTF2 event writer 1: The structural integrity is not given
[Score-P] Please report this to support@score-p.org. Thank you.
[Score-P] Try also to preserve any generated core dumps.
[Score-P] src/measurement/tracing/SCOREP_Tracing.c:446: Fatal: Could not finalize OTF2 event writer 0: The structural integrity is not given
[Score-P] Please report this to support@score-p.org. Thank you.
[Score-P] Try also to preserve any generated core dumps.
[Score-P] src/measurement/scorep_runtime_management.c:376: Error: File or directory does not exist: POSIX: Can't rename experiment directory from "/home/sharaf/HLR2023/Blatt11/tracing/scorep-measurement-tmp" to "/home/sharaf/HLR2023/Blatt11/tracing/scorep-20240124_1224_8087443573310220".
srun: error: west2: task 2: Exited with exit code 1

===================================================================================
=   BAD TERMINATION OF ONE OF YOUR APPLICATION PROCESSES
=   PID 364884 RUNNING AT west1
=   EXIT CODE: 134
=   CLEANING UP REMAINING PROCESSES
=   YOU CAN IGNORE THE BELOW CLEANUP MESSAGES
===================================================================================
[proxy:0:3@west4] HYD_pmcd_pmip_control_cmd_cb (pm/pmiserv/pmip_cb.c:899): assert (!closed) failed
[proxy:0:3@west4] HYDT_dmxu_poll_wait_for_event (tools/demux/demux_poll.c:76): callback returned error status
[proxy:0:3@west4] main (pm/pmiserv/pmip.c:169): demux engine error waiting for event
[proxy:0:2@west3] HYD_pmcd_pmip_control_cmd_cb (pm/pmiserv/pmip_cb.c:899): assert (!closed) failed
[proxy:0:2@west3] HYDT_dmxu_poll_wait_for_event (tools/demux/demux_poll.c:76): callback returned error status
[proxy:0:2@west3] main (pm/pmiserv/pmip.c:169): demux engine error waiting for event
[proxy:0:1@west2] HYD_pmcd_pmip_control_cmd_cb (pm/pmiserv/pmip_cb.c:899): assert (!closed) failed
[proxy:0:1@west2] HYDT_dmxu_poll_wait_for_event (tools/demux/demux_poll.c:76): callback returned error status
[proxy:0:1@west2] main (pm/pmiserv/pmip.c:169): demux engine error waiting for event
srun: error: west4: task 3: Exited with exit code 7
srun: error: west3: task 2: Exited with exit code 7
srun: error: west2: task 1: Exited with exit code 7
[mpiexec@west4] HYDT_bscu_wait_for_completion (tools/bootstrap/utils/bscu_wait.c:73): one of the processes terminated badly; aborting
[mpiexec@west4] HYDT_bsci_wait_for_completion (tools/bootstrap/src/bsci_wait.c:21): launcher returned error waiting for completion
[mpiexec@west4] HYD_pmci_wait_for_completion (pm/pmiserv/pmiserv_pmci.c:179): launcher returned error waiting for completion
[mpiexec@west4] main (ui/mpich/mpiexec.c:325): process manager error waiting for completion
srun: error: west4: task 4: Exited with exit code 255
